{"C:/Users/kjahn/Desktop/FED-2/JS2/JS2_CA/src/app.js": {"path":"C:/Users/kjahn/Desktop/FED-2/JS2/JS2_CA/src/app.js","statementMap":{"0":{"start":{"line":5,"column":0},"end":{"line":5,"column":39}}},"fnMap":{},"branchMap":{},"s":{"0":0},"f":{},"b":{}}
,"C:/Users/kjahn/Desktop/FED-2/JS2/JS2_CA/src/js/api/constants.js": {"path":"C:/Users/kjahn/Desktop/FED-2/JS2/JS2_CA/src/js/api/constants.js","statementMap":{"0":{"start":{"line":3,"column":23},"end":{"line":3,"column":61}},"1":{"start":{"line":5,"column":24},"end":{"line":5,"column":51}},"2":{"start":{"line":7,"column":24},"end":{"line":7,"column":42}},"3":{"start":{"line":9,"column":30},"end":{"line":9,"column":49}},"4":{"start":{"line":11,"column":33},"end":{"line":11,"column":55}},"5":{"start":{"line":13,"column":28},"end":{"line":13,"column":56}},"6":{"start":{"line":15,"column":26},"end":{"line":15,"column":46}},"7":{"start":{"line":17,"column":32},"end":{"line":17,"column":53}},"8":{"start":{"line":19,"column":35},"end":{"line":19,"column":59}}},"fnMap":{},"branchMap":{},"s":{"0":0,"1":0,"2":0,"3":0,"4":0,"5":0,"6":0,"7":0,"8":0},"f":{},"b":{}}
,"C:/Users/kjahn/Desktop/FED-2/JS2/JS2_CA/src/js/api/headers.js": {"path":"C:/Users/kjahn/Desktop/FED-2/JS2/JS2_CA/src/js/api/headers.js","statementMap":{"0":{"start":{"line":5,"column":18},"end":{"line":5,"column":31}},"1":{"start":{"line":6,"column":22},"end":{"line":6,"column":45}},"2":{"start":{"line":8,"column":2},"end":{"line":12,"column":3}},"3":{"start":{"line":9,"column":4},"end":{"line":9,"column":48}},"4":{"start":{"line":11,"column":4},"end":{"line":11,"column":46}},"5":{"start":{"line":14,"column":2},"end":{"line":16,"column":3}},"6":{"start":{"line":15,"column":4},"end":{"line":15,"column":61}},"7":{"start":{"line":18,"column":2},"end":{"line":18,"column":53}},"8":{"start":{"line":20,"column":2},"end":{"line":20,"column":17}}},"fnMap":{"0":{"name":"headers","decl":{"start":{"line":4,"column":16},"end":{"line":4,"column":23}},"loc":{"start":{"line":4,"column":26},"end":{"line":21,"column":1}}}},"branchMap":{"0":{"loc":{"start":{"line":8,"column":2},"end":{"line":12,"column":3}},"type":"if","locations":[{"start":{"line":8,"column":2},"end":{"line":12,"column":3}},{"start":{"line":10,"column":9},"end":{"line":12,"column":3}}]},"1":{"loc":{"start":{"line":14,"column":2},"end":{"line":16,"column":3}},"type":"if","locations":[{"start":{"line":14,"column":2},"end":{"line":16,"column":3}},{"start":{},"end":{}}]}},"s":{"0":0,"1":0,"2":0,"3":0,"4":0,"5":0,"6":0,"7":0,"8":0},"f":{"0":0},"b":{"0":[0,0],"1":[0,0]}}
,"C:/Users/kjahn/Desktop/FED-2/JS2/JS2_CA/src/js/api/auth/login.js": {"path":"C:/Users/kjahn/Desktop/FED-2/JS2/JS2_CA/src/js/api/auth/login.js","statementMap":{"0":{"start":{"line":15,"column":4},"end":{"line":36,"column":5}},"1":{"start":{"line":16,"column":25},"end":{"line":22,"column":10}},"2":{"start":{"line":24,"column":8},"end":{"line":31,"column":9}},"3":{"start":{"line":25,"column":29},"end":{"line":25,"column":50}},"4":{"start":{"line":26,"column":12},"end":{"line":26,"column":132}},"5":{"start":{"line":28,"column":25},"end":{"line":28,"column":46}},"6":{"start":{"line":29,"column":12},"end":{"line":29,"column":78}},"7":{"start":{"line":30,"column":12},"end":{"line":30,"column":24}},"8":{"start":{"line":34,"column":8},"end":{"line":34,"column":70}},"9":{"start":{"line":35,"column":8},"end":{"line":35,"column":20}}},"fnMap":{"0":{"name":"login","decl":{"start":{"line":14,"column":22},"end":{"line":14,"column":27}},"loc":{"start":{"line":14,"column":49},"end":{"line":37,"column":1}}}},"branchMap":{"0":{"loc":{"start":{"line":24,"column":8},"end":{"line":31,"column":9}},"type":"if","locations":[{"start":{"line":24,"column":8},"end":{"line":31,"column":9}},{"start":{"line":27,"column":15},"end":{"line":31,"column":9}}]}},"s":{"0":0,"1":0,"2":0,"3":0,"4":0,"5":0,"6":0,"7":0,"8":0,"9":0},"f":{"0":0},"b":{"0":[0,0]}}
,"C:/Users/kjahn/Desktop/FED-2/JS2/JS2_CA/src/js/api/auth/register.js": {"path":"C:/Users/kjahn/Desktop/FED-2/JS2/JS2_CA/src/js/api/auth/register.js","statementMap":{"0":{"start":{"line":32,"column":2},"end":{"line":60,"column":3}},"1":{"start":{"line":33,"column":21},"end":{"line":47,"column":6}},"2":{"start":{"line":49,"column":4},"end":{"line":52,"column":5}},"3":{"start":{"line":50,"column":23},"end":{"line":50,"column":44}},"4":{"start":{"line":51,"column":6},"end":{"line":51,"column":126}},"5":{"start":{"line":54,"column":17},"end":{"line":54,"column":38}},"6":{"start":{"line":55,"column":4},"end":{"line":55,"column":56}},"7":{"start":{"line":56,"column":4},"end":{"line":56,"column":16}},"8":{"start":{"line":58,"column":4},"end":{"line":58,"column":70}},"9":{"start":{"line":59,"column":4},"end":{"line":59,"column":14}}},"fnMap":{"0":{"name":"register","decl":{"start":{"line":23,"column":22},"end":{"line":23,"column":30}},"loc":{"start":{"line":31,"column":3},"end":{"line":62,"column":1}}}},"branchMap":{"0":{"loc":{"start":{"line":42,"column":12},"end":{"line":42,"column":26}},"type":"binary-expr","locations":[{"start":{"line":42,"column":12},"end":{"line":42,"column":15}},{"start":{"line":42,"column":19},"end":{"line":42,"column":26}}]},"1":{"loc":{"start":{"line":43,"column":12},"end":{"line":43,"column":32}},"type":"binary-expr","locations":[{"start":{"line":43,"column":12},"end":{"line":43,"column":18}},{"start":{"line":43,"column":22},"end":{"line":43,"column":32}}]},"2":{"loc":{"start":{"line":44,"column":12},"end":{"line":44,"column":32}},"type":"binary-expr","locations":[{"start":{"line":44,"column":12},"end":{"line":44,"column":18}},{"start":{"line":44,"column":22},"end":{"line":44,"column":32}}]},"3":{"loc":{"start":{"line":45,"column":12},"end":{"line":45,"column":58}},"type":"binary-expr","locations":[{"start":{"line":45,"column":12},"end":{"line":45,"column":38}},{"start":{"line":45,"column":42},"end":{"line":45,"column":58}}]},"4":{"loc":{"start":{"line":49,"column":4},"end":{"line":52,"column":5}},"type":"if","locations":[{"start":{"line":49,"column":4},"end":{"line":52,"column":5}},{"start":{},"end":{}}]}},"s":{"0":0,"1":0,"2":0,"3":0,"4":0,"5":0,"6":0,"7":0,"8":0,"9":0},"f":{"0":0},"b":{"0":[0,0],"1":[0,0],"2":[0,0],"3":[0,0],"4":[0,0]}}
,"C:/Users/kjahn/Desktop/FED-2/JS2/JS2_CA/src/js/api/post/create.js": {"path":"C:/Users/kjahn/Desktop/FED-2/JS2/JS2_CA/src/js/api/post/create.js","statementMap":{"0":{"start":{"line":19,"column":1},"end":{"line":48,"column":2}},"1":{"start":{"line":20,"column":19},"end":{"line":34,"column":4}},"2":{"start":{"line":36,"column":2},"end":{"line":41,"column":3}},"3":{"start":{"line":37,"column":20},"end":{"line":37,"column":41}},"4":{"start":{"line":38,"column":3},"end":{"line":40,"column":4}},"5":{"start":{"line":43,"column":15},"end":{"line":43,"column":36}},"6":{"start":{"line":44,"column":2},"end":{"line":44,"column":13}},"7":{"start":{"line":46,"column":2},"end":{"line":46,"column":64}},"8":{"start":{"line":47,"column":2},"end":{"line":47,"column":11}}},"fnMap":{"0":{"name":"createPost","decl":{"start":{"line":18,"column":22},"end":{"line":18,"column":32}},"loc":{"start":{"line":18,"column":76},"end":{"line":49,"column":1}}}},"branchMap":{"0":{"loc":{"start":{"line":24,"column":8},"end":{"line":24,"column":26}},"type":"binary-expr","locations":[{"start":{"line":24,"column":8},"end":{"line":24,"column":13}},{"start":{"line":24,"column":17},"end":{"line":24,"column":26}}]},"1":{"loc":{"start":{"line":25,"column":8},"end":{"line":25,"column":24}},"type":"binary-expr","locations":[{"start":{"line":25,"column":8},"end":{"line":25,"column":12}},{"start":{"line":25,"column":16},"end":{"line":25,"column":24}}]},"2":{"loc":{"start":{"line":26,"column":8},"end":{"line":26,"column":35}},"type":"binary-expr","locations":[{"start":{"line":26,"column":8},"end":{"line":26,"column":12}},{"start":{"line":26,"column":16},"end":{"line":26,"column":35}}]},"3":{"loc":{"start":{"line":27,"column":8},"end":{"line":32,"column":5}},"type":"binary-expr","locations":[{"start":{"line":27,"column":8},"end":{"line":27,"column":16}},{"start":{"line":27,"column":20},"end":{"line":32,"column":5}}]},"4":{"loc":{"start":{"line":29,"column":10},"end":{"line":29,"column":39}},"type":"binary-expr","locations":[{"start":{"line":29,"column":10},"end":{"line":29,"column":18}},{"start":{"line":29,"column":22},"end":{"line":29,"column":39}}]},"5":{"loc":{"start":{"line":30,"column":10},"end":{"line":30,"column":39}},"type":"binary-expr","locations":[{"start":{"line":30,"column":10},"end":{"line":30,"column":18}},{"start":{"line":30,"column":22},"end":{"line":30,"column":39}}]},"6":{"loc":{"start":{"line":36,"column":2},"end":{"line":41,"column":3}},"type":"if","locations":[{"start":{"line":36,"column":2},"end":{"line":41,"column":3}},{"start":{},"end":{}}]}},"s":{"0":0,"1":0,"2":0,"3":0,"4":0,"5":0,"6":0,"7":0,"8":0},"f":{"0":0},"b":{"0":[0,0],"1":[0,0],"2":[0,0],"3":[0,0],"4":[0,0],"5":[0,0],"6":[0,0]}}
,"C:/Users/kjahn/Desktop/FED-2/JS2/JS2_CA/src/js/api/post/delete.js": {"path":"C:/Users/kjahn/Desktop/FED-2/JS2/JS2_CA/src/js/api/post/delete.js","statementMap":{},"fnMap":{"0":{"name":"deletePost","decl":{"start":{"line":8,"column":22},"end":{"line":8,"column":32}},"loc":{"start":{"line":8,"column":37},"end":{"line":8,"column":39}}}},"branchMap":{},"s":{},"f":{"0":0},"b":{}}
,"C:/Users/kjahn/Desktop/FED-2/JS2/JS2_CA/src/js/api/post/read.js": {"path":"C:/Users/kjahn/Desktop/FED-2/JS2/JS2_CA/src/js/api/post/read.js","statementMap":{"0":{"start":{"line":12,"column":4},"end":{"line":29,"column":5}},"1":{"start":{"line":13,"column":25},"end":{"line":16,"column":10}},"2":{"start":{"line":17,"column":8},"end":{"line":22,"column":3}},"3":{"start":{"line":18,"column":20},"end":{"line":18,"column":41}},"4":{"start":{"line":19,"column":3},"end":{"line":21,"column":4}},"5":{"start":{"line":24,"column":15},"end":{"line":24,"column":36}},"6":{"start":{"line":25,"column":2},"end":{"line":25,"column":18}},"7":{"start":{"line":27,"column":8},"end":{"line":27,"column":70}},"8":{"start":{"line":28,"column":2},"end":{"line":28,"column":11}}},"fnMap":{"0":{"name":"readPost","decl":{"start":{"line":11,"column":22},"end":{"line":11,"column":30}},"loc":{"start":{"line":11,"column":41},"end":{"line":30,"column":1}}},"1":{"name":"readPosts","decl":{"start":{"line":41,"column":22},"end":{"line":41,"column":31}},"loc":{"start":{"line":41,"column":59},"end":{"line":41,"column":61}}},"2":{"name":"readPostsByUser","decl":{"start":{"line":53,"column":22},"end":{"line":53,"column":37}},"loc":{"start":{"line":53,"column":75},"end":{"line":53,"column":77}}}},"branchMap":{"0":{"loc":{"start":{"line":17,"column":8},"end":{"line":22,"column":3}},"type":"if","locations":[{"start":{"line":17,"column":8},"end":{"line":22,"column":3}},{"start":{},"end":{}}]},"1":{"loc":{"start":{"line":41,"column":32},"end":{"line":41,"column":42}},"type":"default-arg","locations":[{"start":{"line":41,"column":40},"end":{"line":41,"column":42}}]},"2":{"loc":{"start":{"line":41,"column":44},"end":{"line":41,"column":52}},"type":"default-arg","locations":[{"start":{"line":41,"column":51},"end":{"line":41,"column":52}}]},"3":{"loc":{"start":{"line":53,"column":48},"end":{"line":53,"column":58}},"type":"default-arg","locations":[{"start":{"line":53,"column":56},"end":{"line":53,"column":58}}]},"4":{"loc":{"start":{"line":53,"column":60},"end":{"line":53,"column":68}},"type":"default-arg","locations":[{"start":{"line":53,"column":67},"end":{"line":53,"column":68}}]}},"s":{"0":0,"1":0,"2":0,"3":0,"4":0,"5":0,"6":0,"7":0,"8":0},"f":{"0":0,"1":0,"2":0},"b":{"0":[0,0],"1":[0],"2":[0],"3":[0],"4":[0]}}
,"C:/Users/kjahn/Desktop/FED-2/JS2/JS2_CA/src/js/api/post/update.js": {"path":"C:/Users/kjahn/Desktop/FED-2/JS2/JS2_CA/src/js/api/post/update.js","statementMap":{},"fnMap":{"0":{"name":"updatePost","decl":{"start":{"line":15,"column":22},"end":{"line":15,"column":32}},"loc":{"start":{"line":15,"column":67},"end":{"line":15,"column":69}}}},"branchMap":{},"s":{},"f":{"0":0},"b":{}}
,"C:/Users/kjahn/Desktop/FED-2/JS2/JS2_CA/src/js/api/profile/read.js": {"path":"C:/Users/kjahn/Desktop/FED-2/JS2/JS2_CA/src/js/api/profile/read.js","statementMap":{},"fnMap":{"0":{"name":"readProfile","decl":{"start":{"line":1,"column":22},"end":{"line":1,"column":33}},"loc":{"start":{"line":1,"column":44},"end":{"line":1,"column":46}}},"1":{"name":"readProfiles","decl":{"start":{"line":3,"column":22},"end":{"line":3,"column":34}},"loc":{"start":{"line":3,"column":48},"end":{"line":3,"column":50}}}},"branchMap":{},"s":{},"f":{"0":0,"1":0},"b":{}}
,"C:/Users/kjahn/Desktop/FED-2/JS2/JS2_CA/src/js/api/profile/update.js": {"path":"C:/Users/kjahn/Desktop/FED-2/JS2/JS2_CA/src/js/api/profile/update.js","statementMap":{},"fnMap":{"0":{"name":"updateProfile","decl":{"start":{"line":1,"column":22},"end":{"line":1,"column":35}},"loc":{"start":{"line":1,"column":66},"end":{"line":1,"column":68}}}},"branchMap":{},"s":{},"f":{"0":0},"b":{}}
,"C:/Users/kjahn/Desktop/FED-2/JS2/JS2_CA/src/js/api/storage/load.js": {"path":"C:/Users/kjahn/Desktop/FED-2/JS2/JS2_CA/src/js/api/storage/load.js","statementMap":{"0":{"start":{"line":2,"column":4},"end":{"line":4,"column":5}},"1":{"start":{"line":3,"column":8},"end":{"line":3,"column":48}},"2":{"start":{"line":7,"column":21},"end":{"line":11,"column":9}},"3":{"start":{"line":12,"column":21},"end":{"line":12,"column":42}},"4":{"start":{"line":14,"column":4},"end":{"line":16,"column":5}},"5":{"start":{"line":15,"column":8},"end":{"line":15,"column":36}},"6":{"start":{"line":18,"column":4},"end":{"line":18,"column":16}}},"fnMap":{"0":{"name":"loadData","decl":{"start":{"line":1,"column":16},"end":{"line":1,"column":24}},"loc":{"start":{"line":1,"column":30},"end":{"line":19,"column":1}}},"1":{"name":"(anonymous_1)","decl":{"start":{"line":10,"column":21},"end":{"line":10,"column":22}},"loc":{"start":{"line":10,"column":27},"end":{"line":10,"column":29}}}},"branchMap":{"0":{"loc":{"start":{"line":2,"column":4},"end":{"line":4,"column":5}},"type":"if","locations":[{"start":{"line":2,"column":4},"end":{"line":4,"column":5}},{"start":{},"end":{}}]},"1":{"loc":{"start":{"line":7,"column":21},"end":{"line":11,"column":9}},"type":"cond-expr","locations":[{"start":{"line":8,"column":10},"end":{"line":8,"column":22}},{"start":{"line":9,"column":10},"end":{"line":11,"column":9}}]},"2":{"loc":{"start":{"line":14,"column":4},"end":{"line":16,"column":5}},"type":"if","locations":[{"start":{"line":14,"column":4},"end":{"line":16,"column":5}},{"start":{},"end":{}}]}},"s":{"0":0,"1":0,"2":0,"3":0,"4":0,"5":0,"6":0},"f":{"0":0,"1":0},"b":{"0":[0,0],"1":[0,0],"2":[0,0]}}
,"C:/Users/kjahn/Desktop/FED-2/JS2/JS2_CA/src/js/api/storage/remove.js": {"path":"C:/Users/kjahn/Desktop/FED-2/JS2/JS2_CA/src/js/api/storage/remove.js","statementMap":{"0":{"start":{"line":19,"column":4},"end":{"line":21,"column":5}},"1":{"start":{"line":20,"column":8},"end":{"line":20,"column":48}},"2":{"start":{"line":23,"column":4},"end":{"line":27,"column":5}},"3":{"start":{"line":24,"column":8},"end":{"line":24,"column":37}},"4":{"start":{"line":26,"column":8},"end":{"line":26,"column":67}},"5":{"start":{"line":29,"column":4},"end":{"line":29,"column":16}}},"fnMap":{"0":{"name":"clearData","decl":{"start":{"line":18,"column":16},"end":{"line":18,"column":25}},"loc":{"start":{"line":18,"column":31},"end":{"line":30,"column":1}}}},"branchMap":{"0":{"loc":{"start":{"line":19,"column":4},"end":{"line":21,"column":5}},"type":"if","locations":[{"start":{"line":19,"column":4},"end":{"line":21,"column":5}},{"start":{},"end":{}}]}},"s":{"0":0,"1":0,"2":0,"3":0,"4":0,"5":0},"f":{"0":0},"b":{"0":[0,0]}}
,"C:/Users/kjahn/Desktop/FED-2/JS2/JS2_CA/src/js/api/storage/save.js": {"path":"C:/Users/kjahn/Desktop/FED-2/JS2/JS2_CA/src/js/api/storage/save.js","statementMap":{"0":{"start":{"line":2,"column":4},"end":{"line":4,"column":5}},"1":{"start":{"line":3,"column":8},"end":{"line":3,"column":48}},"2":{"start":{"line":5,"column":4},"end":{"line":5,"column":52}}},"fnMap":{"0":{"name":"saveData","decl":{"start":{"line":1,"column":16},"end":{"line":1,"column":24}},"loc":{"start":{"line":1,"column":36},"end":{"line":6,"column":1}}}},"branchMap":{"0":{"loc":{"start":{"line":2,"column":4},"end":{"line":4,"column":5}},"type":"if","locations":[{"start":{"line":2,"column":4},"end":{"line":4,"column":5}},{"start":{},"end":{}}]}},"s":{"0":0,"1":0,"2":0},"f":{"0":0},"b":{"0":[0,0]}}
,"C:/Users/kjahn/Desktop/FED-2/JS2/JS2_CA/src/js/router/index.js": {"path":"C:/Users/kjahn/Desktop/FED-2/JS2/JS2_CA/src/js/router/index.js","statementMap":{"0":{"start":{"line":21,"column":2},"end":{"line":48,"column":3}},"1":{"start":{"line":23,"column":6},"end":{"line":23,"column":38}},"2":{"start":{"line":24,"column":6},"end":{"line":24,"column":12}},"3":{"start":{"line":26,"column":6},"end":{"line":26,"column":38}},"4":{"start":{"line":27,"column":6},"end":{"line":27,"column":12}},"5":{"start":{"line":29,"column":6},"end":{"line":29,"column":39}},"6":{"start":{"line":30,"column":6},"end":{"line":30,"column":12}},"7":{"start":{"line":32,"column":6},"end":{"line":32,"column":42}},"8":{"start":{"line":33,"column":6},"end":{"line":33,"column":12}},"9":{"start":{"line":35,"column":6},"end":{"line":35,"column":38}},"10":{"start":{"line":36,"column":6},"end":{"line":36,"column":12}},"11":{"start":{"line":38,"column":6},"end":{"line":38,"column":42}},"12":{"start":{"line":39,"column":6},"end":{"line":39,"column":12}},"13":{"start":{"line":41,"column":6},"end":{"line":41,"column":44}},"14":{"start":{"line":42,"column":6},"end":{"line":42,"column":12}},"15":{"start":{"line":44,"column":6},"end":{"line":44,"column":41}},"16":{"start":{"line":45,"column":6},"end":{"line":45,"column":12}},"17":{"start":{"line":47,"column":6},"end":{"line":47,"column":42}}},"fnMap":{"0":{"name":"router","decl":{"start":{"line":20,"column":30},"end":{"line":20,"column":36}},"loc":{"start":{"line":20,"column":74},"end":{"line":49,"column":1}}}},"branchMap":{"0":{"loc":{"start":{"line":20,"column":37},"end":{"line":20,"column":72}},"type":"default-arg","locations":[{"start":{"line":20,"column":48},"end":{"line":20,"column":72}}]},"1":{"loc":{"start":{"line":21,"column":2},"end":{"line":48,"column":3}},"type":"switch","locations":[{"start":{"line":22,"column":4},"end":{"line":24,"column":12}},{"start":{"line":25,"column":4},"end":{"line":27,"column":12}},{"start":{"line":28,"column":4},"end":{"line":30,"column":12}},{"start":{"line":31,"column":4},"end":{"line":33,"column":12}},{"start":{"line":34,"column":4},"end":{"line":36,"column":12}},{"start":{"line":37,"column":4},"end":{"line":39,"column":12}},{"start":{"line":40,"column":4},"end":{"line":42,"column":12}},{"start":{"line":43,"column":4},"end":{"line":45,"column":12}},{"start":{"line":46,"column":4},"end":{"line":47,"column":42}}]}},"s":{"0":0,"1":0,"2":0,"3":0,"4":0,"5":0,"6":0,"7":0,"8":0,"9":0,"10":0,"11":0,"12":0,"13":0,"14":0,"15":0,"16":0,"17":0},"f":{"0":0},"b":{"0":[0],"1":[0,0,0,0,0,0,0,0,0]}}
,"C:/Users/kjahn/Desktop/FED-2/JS2/JS2_CA/src/js/router/views/auth.js": {"path":"C:/Users/kjahn/Desktop/FED-2/JS2/JS2_CA/src/js/router/views/auth.js","statementMap":{"0":{"start":{"line":1,"column":0},"end":{"line":1,"column":25}}},"fnMap":{},"branchMap":{},"s":{"0":0},"f":{},"b":{}}
,"C:/Users/kjahn/Desktop/FED-2/JS2/JS2_CA/src/js/router/views/home.js": {"path":"C:/Users/kjahn/Desktop/FED-2/JS2/JS2_CA/src/js/router/views/home.js","statementMap":{"0":{"start":{"line":3,"column":20},"end":{"line":3,"column":58}},"1":{"start":{"line":5,"column":14},"end":{"line":5,"column":37}},"2":{"start":{"line":7,"column":0},"end":{"line":10,"column":null}},"3":{"start":{"line":8,"column":4},"end":{"line":8,"column":36}},"4":{"start":{"line":9,"column":4},"end":{"line":9,"column":42}}},"fnMap":{},"branchMap":{"0":{"loc":{"start":{"line":7,"column":0},"end":{"line":10,"column":null}},"type":"if","locations":[{"start":{"line":7,"column":0},"end":{"line":10,"column":null}},{"start":{},"end":{}}]}},"s":{"0":0,"1":0,"2":0,"3":0,"4":0},"f":{},"b":{"0":[0,0]}}
,"C:/Users/kjahn/Desktop/FED-2/JS2/JS2_CA/src/js/router/views/login.js": {"path":"C:/Users/kjahn/Desktop/FED-2/JS2/JS2_CA/src/js/router/views/login.js","statementMap":{"0":{"start":{"line":3,"column":13},"end":{"line":3,"column":33}},"1":{"start":{"line":5,"column":0},"end":{"line":5,"column":41}}},"fnMap":{},"branchMap":{},"s":{"0":0,"1":0},"f":{},"b":{}}
,"C:/Users/kjahn/Desktop/FED-2/JS2/JS2_CA/src/js/router/views/notFound.js": {"path":"C:/Users/kjahn/Desktop/FED-2/JS2/JS2_CA/src/js/router/views/notFound.js","statementMap":{"0":{"start":{"line":1,"column":0},"end":{"line":1,"column":44}}},"fnMap":{},"branchMap":{},"s":{"0":0},"f":{},"b":{}}
,"C:/Users/kjahn/Desktop/FED-2/JS2/JS2_CA/src/js/router/views/post.js": {"path":"C:/Users/kjahn/Desktop/FED-2/JS2/JS2_CA/src/js/router/views/post.js","statementMap":{"0":{"start":{"line":4,"column":13},"end":{"line":4,"column":38}},"1":{"start":{"line":6,"column":0},"end":{"line":6,"column":46}}},"fnMap":{},"branchMap":{},"s":{"0":0,"1":0},"f":{},"b":{}}
,"C:/Users/kjahn/Desktop/FED-2/JS2/JS2_CA/src/js/router/views/postCreate.js": {"path":"C:/Users/kjahn/Desktop/FED-2/JS2/JS2_CA/src/js/router/views/postCreate.js","statementMap":{"0":{"start":{"line":4,"column":0},"end":{"line":4,"column":12}},"1":{"start":{"line":6,"column":13},"end":{"line":6,"column":38}},"2":{"start":{"line":8,"column":0},"end":{"line":8,"column":46}}},"fnMap":{},"branchMap":{},"s":{"0":0,"1":0,"2":0},"f":{},"b":{}}
,"C:/Users/kjahn/Desktop/FED-2/JS2/JS2_CA/src/js/router/views/postEdit.js": {"path":"C:/Users/kjahn/Desktop/FED-2/JS2/JS2_CA/src/js/router/views/postEdit.js","statementMap":{"0":{"start":{"line":3,"column":0},"end":{"line":3,"column":12}}},"fnMap":{},"branchMap":{},"s":{"0":0},"f":{},"b":{}}
,"C:/Users/kjahn/Desktop/FED-2/JS2/JS2_CA/src/js/router/views/profile.js": {"path":"C:/Users/kjahn/Desktop/FED-2/JS2/JS2_CA/src/js/router/views/profile.js","statementMap":{"0":{"start":{"line":4,"column":0},"end":{"line":4,"column":12}},"1":{"start":{"line":5,"column":0},"end":{"line":43,"column":1}},"2":{"start":{"line":7,"column":20},"end":{"line":7,"column":59}},"3":{"start":{"line":8,"column":26},"end":{"line":8,"column":67}},"4":{"start":{"line":9,"column":26},"end":{"line":9,"column":67}},"5":{"start":{"line":12,"column":28},"end":{"line":12,"column":47}},"6":{"start":{"line":13,"column":49},"end":{"line":13,"column":64}},"7":{"start":{"line":14,"column":24},"end":{"line":14,"column":60}},"8":{"start":{"line":18,"column":22},"end":{"line":18,"column":50}},"9":{"start":{"line":19,"column":23},"end":{"line":19,"column":50}},"10":{"start":{"line":20,"column":21},"end":{"line":20,"column":48}},"11":{"start":{"line":21,"column":27},"end":{"line":21,"column":56}},"12":{"start":{"line":22,"column":34},"end":{"line":22,"column":64}},"13":{"start":{"line":24,"column":8},"end":{"line":24,"column":45}},"14":{"start":{"line":25,"column":8},"end":{"line":25,"column":47}},"15":{"start":{"line":26,"column":8},"end":{"line":28,"column":36}},"16":{"start":{"line":29,"column":8},"end":{"line":29,"column":48}},"17":{"start":{"line":30,"column":8},"end":{"line":30,"column":48}},"18":{"start":{"line":31,"column":8},"end":{"line":31,"column":79}},"19":{"start":{"line":32,"column":8},"end":{"line":32,"column":72}},"20":{"start":{"line":33,"column":8},"end":{"line":33,"column":49}},"21":{"start":{"line":35,"column":8},"end":{"line":35,"column":35}},"22":{"start":{"line":36,"column":8},"end":{"line":36,"column":36}},"23":{"start":{"line":37,"column":8},"end":{"line":37,"column":34}},"24":{"start":{"line":38,"column":8},"end":{"line":38,"column":47}},"25":{"start":{"line":39,"column":8},"end":{"line":39,"column":46}},"26":{"start":{"line":42,"column":4},"end":{"line":42,"column":24}}},"fnMap":{"0":{"name":"createProfileHTML","decl":{"start":{"line":16,"column":13},"end":{"line":16,"column":30}},"loc":{"start":{"line":16,"column":33},"end":{"line":40,"column":5}}}},"branchMap":{"0":{"loc":{"start":{"line":5,"column":0},"end":{"line":43,"column":1}},"type":"if","locations":[{"start":{"line":5,"column":0},"end":{"line":43,"column":1}},{"start":{},"end":{}}]},"1":{"loc":{"start":{"line":26,"column":8},"end":{"line":28,"column":35}},"type":"cond-expr","locations":[{"start":{"line":27,"column":14},"end":{"line":27,"column":48}},{"start":{"line":28,"column":14},"end":{"line":28,"column":35}}]},"2":{"loc":{"start":{"line":26,"column":8},"end":{"line":26,"column":29}},"type":"binary-expr","locations":[{"start":{"line":26,"column":8},"end":{"line":26,"column":12}},{"start":{"line":26,"column":16},"end":{"line":26,"column":29}}]}},"s":{"0":0,"1":0,"2":0,"3":0,"4":0,"5":0,"6":0,"7":0,"8":0,"9":0,"10":0,"11":0,"12":0,"13":0,"14":0,"15":0,"16":0,"17":0,"18":0,"19":0,"20":0,"21":0,"22":0,"23":0,"24":0,"25":0,"26":0},"f":{"0":0},"b":{"0":[0,0],"1":[0,0],"2":[0,0]}}
,"C:/Users/kjahn/Desktop/FED-2/JS2/JS2_CA/src/js/router/views/register.js": {"path":"C:/Users/kjahn/Desktop/FED-2/JS2/JS2_CA/src/js/router/views/register.js","statementMap":{"0":{"start":{"line":3,"column":13},"end":{"line":3,"column":36}},"1":{"start":{"line":5,"column":0},"end":{"line":5,"column":44}}},"fnMap":{},"branchMap":{},"s":{"0":0,"1":0},"f":{},"b":{}}
,"C:/Users/kjahn/Desktop/FED-2/JS2/JS2_CA/src/js/ui/auth/login.js": {"path":"C:/Users/kjahn/Desktop/FED-2/JS2/JS2_CA/src/js/ui/auth/login.js","statementMap":{"0":{"start":{"line":10,"column":4},"end":{"line":10,"column":23}},"1":{"start":{"line":12,"column":21},"end":{"line":12,"column":43}},"2":{"start":{"line":13,"column":17},"end":{"line":13,"column":55}},"3":{"start":{"line":15,"column":4},"end":{"line":31,"column":5}},"4":{"start":{"line":16,"column":25},"end":{"line":16,"column":42}},"5":{"start":{"line":17,"column":44},"end":{"line":17,"column":57}},"6":{"start":{"line":18,"column":22},"end":{"line":18,"column":100}},"7":{"start":{"line":19,"column":8},"end":{"line":19,"column":24}},"8":{"start":{"line":21,"column":8},"end":{"line":21,"column":45}},"9":{"start":{"line":22,"column":8},"end":{"line":22,"column":37}},"10":{"start":{"line":23,"column":8},"end":{"line":25,"column":10}},"11":{"start":{"line":24,"column":12},"end":{"line":24,"column":46}},"12":{"start":{"line":28,"column":8},"end":{"line":28,"column":86}},"13":{"start":{"line":29,"column":22},"end":{"line":29,"column":77}},"14":{"start":{"line":30,"column":8},"end":{"line":30,"column":24}}},"fnMap":{"0":{"name":"onLogin","decl":{"start":{"line":9,"column":22},"end":{"line":9,"column":29}},"loc":{"start":{"line":9,"column":33},"end":{"line":32,"column":1}}},"1":{"name":"(anonymous_1)","decl":{"start":{"line":23,"column":55},"end":{"line":23,"column":56}},"loc":{"start":{"line":24,"column":12},"end":{"line":24,"column":46}}}},"branchMap":{},"s":{"0":0,"1":0,"2":0,"3":0,"4":0,"5":0,"6":0,"7":0,"8":0,"9":0,"10":0,"11":0,"12":0,"13":0,"14":0},"f":{"0":0,"1":0},"b":{}}
,"C:/Users/kjahn/Desktop/FED-2/JS2/JS2_CA/src/js/ui/auth/logout.js": {"path":"C:/Users/kjahn/Desktop/FED-2/JS2/JS2_CA/src/js/ui/auth/logout.js","statementMap":{"0":{"start":{"line":10,"column":23},"end":{"line":10,"column":49}},"1":{"start":{"line":12,"column":2},"end":{"line":37,"column":5}},"2":{"start":{"line":13,"column":4},"end":{"line":20,"column":5}},"3":{"start":{"line":15,"column":6},"end":{"line":15,"column":22}},"4":{"start":{"line":17,"column":6},"end":{"line":19,"column":8}},"5":{"start":{"line":22,"column":4},"end":{"line":36,"column":5}},"6":{"start":{"line":23,"column":20},"end":{"line":23,"column":77}},"7":{"start":{"line":24,"column":6},"end":{"line":24,"column":22}},"8":{"start":{"line":26,"column":6},"end":{"line":35,"column":8}},"9":{"start":{"line":30,"column":10},"end":{"line":33,"column":11}},"10":{"start":{"line":32,"column":12},"end":{"line":32,"column":50}}},"fnMap":{"0":{"name":"onLogout","decl":{"start":{"line":8,"column":16},"end":{"line":8,"column":24}},"loc":{"start":{"line":8,"column":27},"end":{"line":38,"column":1}}},"1":{"name":"(anonymous_1)","decl":{"start":{"line":12,"column":23},"end":{"line":12,"column":24}},"loc":{"start":{"line":12,"column":33},"end":{"line":37,"column":3}}},"2":{"name":"onAnimationEnd","decl":{"start":{"line":28,"column":17},"end":{"line":28,"column":31}},"loc":{"start":{"line":28,"column":35},"end":{"line":34,"column":9}}}},"branchMap":{"0":{"loc":{"start":{"line":22,"column":4},"end":{"line":36,"column":5}},"type":"if","locations":[{"start":{"line":22,"column":4},"end":{"line":36,"column":5}},{"start":{},"end":{}}]},"1":{"loc":{"start":{"line":30,"column":10},"end":{"line":33,"column":11}},"type":"if","locations":[{"start":{"line":30,"column":10},"end":{"line":33,"column":11}},{"start":{},"end":{}}]}},"s":{"0":0,"1":0,"2":0,"3":0,"4":0,"5":0,"6":0,"7":0,"8":0,"9":0,"10":0},"f":{"0":0,"1":0,"2":0},"b":{"0":[0,0],"1":[0,0]}}
,"C:/Users/kjahn/Desktop/FED-2/JS2/JS2_CA/src/js/ui/auth/register.js": {"path":"C:/Users/kjahn/Desktop/FED-2/JS2/JS2_CA/src/js/ui/auth/register.js","statementMap":{"0":{"start":{"line":9,"column":4},"end":{"line":9,"column":23}},"1":{"start":{"line":11,"column":21},"end":{"line":11,"column":43}},"2":{"start":{"line":12,"column":17},"end":{"line":12,"column":55}},"3":{"start":{"line":14,"column":4},"end":{"line":28,"column":5}},"4":{"start":{"line":15,"column":25},"end":{"line":15,"column":45}},"5":{"start":{"line":16,"column":8},"end":{"line":25,"column":9}},"6":{"start":{"line":18,"column":12},"end":{"line":18,"column":51}},"7":{"start":{"line":19,"column":12},"end":{"line":19,"column":50}},"8":{"start":{"line":24,"column":12},"end":{"line":24,"column":81}},"9":{"start":{"line":27,"column":8},"end":{"line":27,"column":71}}},"fnMap":{"0":{"name":"onRegister","decl":{"start":{"line":8,"column":22},"end":{"line":8,"column":32}},"loc":{"start":{"line":8,"column":36},"end":{"line":29,"column":1}}}},"branchMap":{"0":{"loc":{"start":{"line":16,"column":8},"end":{"line":25,"column":9}},"type":"if","locations":[{"start":{"line":16,"column":8},"end":{"line":25,"column":9}},{"start":{"line":22,"column":15},"end":{"line":25,"column":9}}]},"1":{"loc":{"start":{"line":24,"column":51},"end":{"line":24,"column":79}},"type":"binary-expr","locations":[{"start":{"line":24,"column":51},"end":{"line":24,"column":67}},{"start":{"line":24,"column":71},"end":{"line":24,"column":79}}]}},"s":{"0":0,"1":0,"2":0,"3":0,"4":0,"5":0,"6":0,"7":0,"8":0,"9":0},"f":{"0":0},"b":{"0":[0,0],"1":[0,0]}}
,"C:/Users/kjahn/Desktop/FED-2/JS2/JS2_CA/src/js/ui/global/logout.js": {"path":"C:/Users/kjahn/Desktop/FED-2/JS2/JS2_CA/src/js/ui/global/logout.js","statementMap":{"0":{"start":{"line":8,"column":1},"end":{"line":23,"column":3}},"1":{"start":{"line":9,"column":2},"end":{"line":9,"column":20}},"2":{"start":{"line":10,"column":2},"end":{"line":10,"column":12}},"3":{"start":{"line":13,"column":16},"end":{"line":16,"column":3}},"4":{"start":{"line":17,"column":2},"end":{"line":17,"column":17}},"5":{"start":{"line":19,"column":2},"end":{"line":22,"column":3}},"6":{"start":{"line":21,"column":10},"end":{"line":21,"column":36}}},"fnMap":{"0":{"name":"setLogoutListener","decl":{"start":{"line":7,"column":16},"end":{"line":7,"column":33}},"loc":{"start":{"line":7,"column":38},"end":{"line":24,"column":1}}},"1":{"name":"(anonymous_1)","decl":{"start":{"line":8,"column":30},"end":{"line":8,"column":31}},"loc":{"start":{"line":8,"column":37},"end":{"line":23,"column":2}}},"2":{"name":"(anonymous_2)","decl":{"start":{"line":21,"column":3},"end":{"line":21,"column":4}},"loc":{"start":{"line":21,"column":10},"end":{"line":21,"column":36}}}},"branchMap":{},"s":{"0":0,"1":0,"2":0,"3":0,"4":0,"5":0,"6":0},"f":{"0":0,"1":0,"2":0},"b":{}}
,"C:/Users/kjahn/Desktop/FED-2/JS2/JS2_CA/src/js/ui/global/components/LogoutButton.js": {"path":"C:/Users/kjahn/Desktop/FED-2/JS2/JS2_CA/src/js/ui/global/components/LogoutButton.js","statementMap":{"0":{"start":{"line":6,"column":4},"end":{"line":6,"column":12}},"1":{"start":{"line":10,"column":19},"end":{"line":10,"column":54}},"2":{"start":{"line":11,"column":19},"end":{"line":11,"column":51}},"3":{"start":{"line":12,"column":4},"end":{"line":12,"column":28}},"4":{"start":{"line":13,"column":4},"end":{"line":13,"column":40}},"5":{"start":{"line":14,"column":4},"end":{"line":14,"column":33}},"6":{"start":{"line":17,"column":18},"end":{"line":17,"column":38}},"7":{"start":{"line":19,"column":4},"end":{"line":19,"column":30}},"8":{"start":{"line":20,"column":4},"end":{"line":20,"column":31}},"9":{"start":{"line":21,"column":4},"end":{"line":21,"column":23}},"10":{"start":{"line":22,"column":4},"end":{"line":22,"column":31}},"11":{"start":{"line":27,"column":16},"end":{"line":27,"column":59}},"12":{"start":{"line":29,"column":4},"end":{"line":31,"column":5}},"13":{"start":{"line":30,"column":6},"end":{"line":30,"column":29}},"14":{"start":{"line":36,"column":17},"end":{"line":36,"column":47}},"15":{"start":{"line":37,"column":4},"end":{"line":37,"column":43}},"16":{"start":{"line":38,"column":4},"end":{"line":38,"column":66}},"17":{"start":{"line":40,"column":4},"end":{"line":40,"column":16}},"18":{"start":{"line":45,"column":18},"end":{"line":45,"column":41}},"19":{"start":{"line":47,"column":4},"end":{"line":49,"column":5}},"20":{"start":{"line":48,"column":6},"end":{"line":48,"column":33}},"21":{"start":{"line":53,"column":0},"end":{"line":53,"column":53}}},"fnMap":{"0":{"name":"(anonymous_0)","decl":{"start":{"line":5,"column":2},"end":{"line":5,"column":13}},"loc":{"start":{"line":5,"column":16},"end":{"line":7,"column":3}}},"1":{"name":"(anonymous_1)","decl":{"start":{"line":9,"column":2},"end":{"line":9,"column":19}},"loc":{"start":{"line":9,"column":22},"end":{"line":23,"column":3}}},"2":{"name":"(anonymous_2)","decl":{"start":{"line":26,"column":2},"end":{"line":26,"column":13}},"loc":{"start":{"line":26,"column":16},"end":{"line":32,"column":3}}},"3":{"name":"(anonymous_3)","decl":{"start":{"line":35,"column":2},"end":{"line":35,"column":15}},"loc":{"start":{"line":35,"column":18},"end":{"line":41,"column":3}}},"4":{"name":"(anonymous_4)","decl":{"start":{"line":44,"column":2},"end":{"line":44,"column":15}},"loc":{"start":{"line":44,"column":20},"end":{"line":50,"column":3}}}},"branchMap":{"0":{"loc":{"start":{"line":29,"column":4},"end":{"line":31,"column":5}},"type":"if","locations":[{"start":{"line":29,"column":4},"end":{"line":31,"column":5}},{"start":{},"end":{}}]},"1":{"loc":{"start":{"line":47,"column":4},"end":{"line":49,"column":5}},"type":"if","locations":[{"start":{"line":47,"column":4},"end":{"line":49,"column":5}},{"start":{},"end":{}}]}},"s":{"0":0,"1":0,"2":0,"3":0,"4":0,"5":0,"6":0,"7":0,"8":0,"9":0,"10":0,"11":0,"12":0,"13":0,"14":0,"15":0,"16":0,"17":0,"18":0,"19":0,"20":0,"21":0},"f":{"0":0,"1":0,"2":0,"3":0,"4":0},"b":{"0":[0,0],"1":[0,0]}}
,"C:/Users/kjahn/Desktop/FED-2/JS2/JS2_CA/src/js/ui/global/components/PostCard.js": {"path":"C:/Users/kjahn/Desktop/FED-2/JS2/JS2_CA/src/js/ui/global/components/PostCard.js","statementMap":{"0":{"start":{"line":3,"column":2},"end":{"line":3,"column":14}},"1":{"start":{"line":4,"column":8},"end":{"line":4,"column":26}},"2":{"start":{"line":5,"column":8},"end":{"line":5,"column":24}},"3":{"start":{"line":6,"column":8},"end":{"line":6,"column":26}},"4":{"start":{"line":7,"column":2},"end":{"line":7,"column":22}},"5":{"start":{"line":8,"column":2},"end":{"line":8,"column":13}},"6":{"start":{"line":12,"column":24},"end":{"line":12,"column":56}},"7":{"start":{"line":13,"column":15},"end":{"line":13,"column":44}},"8":{"start":{"line":14,"column":2},"end":{"line":14,"column":38}},"9":{"start":{"line":15,"column":8},"end":{"line":15,"column":29}},"10":{"start":{"line":16,"column":2},"end":{"line":16,"column":33}},"11":{"start":{"line":20,"column":22},"end":{"line":20,"column":50}},"12":{"start":{"line":21,"column":21},"end":{"line":21,"column":48}},"13":{"start":{"line":22,"column":17},"end":{"line":22,"column":47}},"14":{"start":{"line":23,"column":22},"end":{"line":23,"column":51}},"15":{"start":{"line":25,"column":25},"end":{"line":25,"column":53}},"16":{"start":{"line":26,"column":8},"end":{"line":26,"column":52}},"17":{"start":{"line":26,"column":31},"end":{"line":26,"column":51}},"18":{"start":{"line":28,"column":2},"end":{"line":28,"column":50}},"19":{"start":{"line":29,"column":2},"end":{"line":29,"column":28}},"20":{"start":{"line":30,"column":2},"end":{"line":30,"column":37}},"21":{"start":{"line":31,"column":2},"end":{"line":31,"column":28}},"22":{"start":{"line":32,"column":2},"end":{"line":32,"column":28}}},"fnMap":{"0":{"name":"(anonymous_0)","decl":{"start":{"line":2,"column":1},"end":{"line":2,"column":12}},"loc":{"start":{"line":2,"column":200},"end":{"line":9,"column":2}}},"1":{"name":"(anonymous_1)","decl":{"start":{"line":11,"column":1},"end":{"line":11,"column":11}},"loc":{"start":{"line":11,"column":14},"end":{"line":17,"column":2}}},"2":{"name":"(anonymous_2)","decl":{"start":{"line":19,"column":4},"end":{"line":19,"column":14}},"loc":{"start":{"line":19,"column":21},"end":{"line":33,"column":5}}},"3":{"name":"(anonymous_3)","decl":{"start":{"line":26,"column":25},"end":{"line":26,"column":27}},"loc":{"start":{"line":26,"column":31},"end":{"line":26,"column":51}}}},"branchMap":{"0":{"loc":{"start":{"line":2,"column":38},"end":{"line":2,"column":198}},"type":"default-arg","locations":[{"start":{"line":2,"column":46},"end":{"line":2,"column":198}}]}},"s":{"0":0,"1":0,"2":0,"3":0,"4":0,"5":0,"6":0,"7":0,"8":0,"9":0,"10":0,"11":0,"12":0,"13":0,"14":0,"15":0,"16":0,"17":0,"18":0,"19":0,"20":0,"21":0,"22":0},"f":{"0":0,"1":0,"2":0,"3":0},"b":{"0":[0]}}
,"C:/Users/kjahn/Desktop/FED-2/JS2/JS2_CA/src/js/ui/post/create.js": {"path":"C:/Users/kjahn/Desktop/FED-2/JS2/JS2_CA/src/js/ui/post/create.js","statementMap":{"0":{"start":{"line":10,"column":1},"end":{"line":10,"column":19}},"1":{"start":{"line":12,"column":18},"end":{"line":12,"column":40}},"2":{"start":{"line":13,"column":14},"end":{"line":13,"column":52}},"3":{"start":{"line":15,"column":1},"end":{"line":33,"column":2}},"4":{"start":{"line":16,"column":19},"end":{"line":16,"column":41}},"5":{"start":{"line":17,"column":2},"end":{"line":30,"column":3}},"6":{"start":{"line":19,"column":17},"end":{"line":22,"column":4}},"7":{"start":{"line":23,"column":4},"end":{"line":23,"column":50}},"8":{"start":{"line":24,"column":3},"end":{"line":24,"column":18}},"9":{"start":{"line":26,"column":3},"end":{"line":29,"column":4}},"10":{"start":{"line":28,"column":11},"end":{"line":28,"column":45}},"11":{"start":{"line":32,"column":2},"end":{"line":32,"column":45}}},"fnMap":{"0":{"name":"onCreatePost","decl":{"start":{"line":9,"column":22},"end":{"line":9,"column":34}},"loc":{"start":{"line":9,"column":38},"end":{"line":34,"column":1}}},"1":{"name":"(anonymous_1)","decl":{"start":{"line":28,"column":4},"end":{"line":28,"column":5}},"loc":{"start":{"line":28,"column":11},"end":{"line":28,"column":45}}}},"branchMap":{"0":{"loc":{"start":{"line":17,"column":2},"end":{"line":30,"column":3}},"type":"if","locations":[{"start":{"line":17,"column":2},"end":{"line":30,"column":3}},{"start":{},"end":{}}]}},"s":{"0":0,"1":0,"2":0,"3":0,"4":0,"5":0,"6":0,"7":0,"8":0,"9":0,"10":0,"11":0},"f":{"0":0,"1":0},"b":{"0":[0,0]}}
,"C:/Users/kjahn/Desktop/FED-2/JS2/JS2_CA/src/js/ui/post/delete.js": {"path":"C:/Users/kjahn/Desktop/FED-2/JS2/JS2_CA/src/js/ui/post/delete.js","statementMap":{},"fnMap":{"0":{"name":"onDeletePost","decl":{"start":{"line":4,"column":22},"end":{"line":4,"column":34}},"loc":{"start":{"line":4,"column":42},"end":{"line":4,"column":44}}}},"branchMap":{},"s":{},"f":{"0":0},"b":{}}
,"C:/Users/kjahn/Desktop/FED-2/JS2/JS2_CA/src/js/ui/post/search.js": {"path":"C:/Users/kjahn/Desktop/FED-2/JS2/JS2_CA/src/js/ui/post/search.js","statementMap":{"0":{"start":{"line":6,"column":4},"end":{"line":6,"column":23}},"1":{"start":{"line":8,"column":21},"end":{"line":8,"column":43}},"2":{"start":{"line":9,"column":14},"end":{"line":9,"column":52}},"3":{"start":{"line":11,"column":4},"end":{"line":27,"column":2}},"4":{"start":{"line":12,"column":19},"end":{"line":12,"column":39}},"5":{"start":{"line":13,"column":2},"end":{"line":23,"column":3}},"6":{"start":{"line":14,"column":44},"end":{"line":14,"column":52}},"7":{"start":{"line":16,"column":17},"end":{"line":19,"column":4}},"8":{"start":{"line":20,"column":3},"end":{"line":20,"column":18}},"9":{"start":{"line":21,"column":16},"end":{"line":21,"column":60}},"10":{"start":{"line":22,"column":3},"end":{"line":22,"column":20}},"11":{"start":{"line":25,"column":2},"end":{"line":25,"column":47}},"12":{"start":{"line":26,"column":8},"end":{"line":26,"column":17}}},"fnMap":{"0":{"name":"onSearchPost","decl":{"start":{"line":5,"column":22},"end":{"line":5,"column":34}},"loc":{"start":{"line":5,"column":38},"end":{"line":28,"column":null}}}},"branchMap":{"0":{"loc":{"start":{"line":13,"column":2},"end":{"line":23,"column":3}},"type":"if","locations":[{"start":{"line":13,"column":2},"end":{"line":23,"column":3}},{"start":{},"end":{}}]}},"s":{"0":0,"1":0,"2":0,"3":0,"4":0,"5":0,"6":0,"7":0,"8":0,"9":0,"10":0,"11":0,"12":0},"f":{"0":0},"b":{"0":[0,0]}}
,"C:/Users/kjahn/Desktop/FED-2/JS2/JS2_CA/src/js/ui/post/update.js": {"path":"C:/Users/kjahn/Desktop/FED-2/JS2/JS2_CA/src/js/ui/post/update.js","statementMap":{},"fnMap":{"0":{"name":"onUpdatePost","decl":{"start":{"line":4,"column":22},"end":{"line":4,"column":34}},"loc":{"start":{"line":4,"column":42},"end":{"line":4,"column":44}}}},"branchMap":{},"s":{},"f":{"0":0},"b":{}}
,"C:/Users/kjahn/Desktop/FED-2/JS2/JS2_CA/src/js/ui/profile/update.js": {"path":"C:/Users/kjahn/Desktop/FED-2/JS2/JS2_CA/src/js/ui/profile/update.js","statementMap":{},"fnMap":{"0":{"name":"onUpdateProfile","decl":{"start":{"line":1,"column":22},"end":{"line":1,"column":37}},"loc":{"start":{"line":1,"column":45},"end":{"line":1,"column":47}}}},"branchMap":{},"s":{},"f":{"0":0},"b":{}}
,"C:/Users/kjahn/Desktop/FED-2/JS2/JS2_CA/src/js/ui/toast/Toast.js": {"path":"C:/Users/kjahn/Desktop/FED-2/JS2/JS2_CA/src/js/ui/toast/Toast.js","statementMap":{"0":{"start":{"line":14,"column":8},"end":{"line":14,"column":25}},"1":{"start":{"line":15,"column":8},"end":{"line":15,"column":25}},"2":{"start":{"line":16,"column":8},"end":{"line":16,"column":28}},"3":{"start":{"line":24,"column":25},"end":{"line":24,"column":54}},"4":{"start":{"line":25,"column":8},"end":{"line":25,"column":50}},"5":{"start":{"line":26,"column":8},"end":{"line":26,"column":51}},"6":{"start":{"line":27,"column":8},"end":{"line":27,"column":44}},"7":{"start":{"line":28,"column":8},"end":{"line":28,"column":32}},"8":{"start":{"line":35,"column":8},"end":{"line":38,"column":9}},"9":{"start":{"line":36,"column":12},"end":{"line":36,"column":52}},"10":{"start":{"line":37,"column":12},"end":{"line":37,"column":32}},"11":{"start":{"line":46,"column":8},"end":{"line":46,"column":27}},"12":{"start":{"line":49,"column":8},"end":{"line":49,"column":96}},"13":{"start":{"line":49,"column":60},"end":{"line":49,"column":78}}},"fnMap":{"0":{"name":"(anonymous_0)","decl":{"start":{"line":13,"column":4},"end":{"line":13,"column":15}},"loc":{"start":{"line":13,"column":28},"end":{"line":17,"column":5}}},"1":{"name":"(anonymous_1)","decl":{"start":{"line":23,"column":4},"end":{"line":23,"column":15}},"loc":{"start":{"line":23,"column":18},"end":{"line":29,"column":5}}},"2":{"name":"(anonymous_2)","decl":{"start":{"line":34,"column":4},"end":{"line":34,"column":15}},"loc":{"start":{"line":34,"column":18},"end":{"line":39,"column":5}}},"3":{"name":"(anonymous_3)","decl":{"start":{"line":45,"column":4},"end":{"line":45,"column":11}},"loc":{"start":{"line":45,"column":14},"end":{"line":50,"column":5}}},"4":{"name":"(anonymous_4)","decl":{"start":{"line":49,"column":54},"end":{"line":49,"column":55}},"loc":{"start":{"line":49,"column":60},"end":{"line":49,"column":78}}}},"branchMap":{"0":{"loc":{"start":{"line":35,"column":8},"end":{"line":38,"column":9}},"type":"if","locations":[{"start":{"line":35,"column":8},"end":{"line":38,"column":9}},{"start":{},"end":{}}]}},"s":{"0":0,"1":0,"2":0,"3":0,"4":0,"5":0,"6":0,"7":0,"8":0,"9":0,"10":0,"11":0,"12":0,"13":0},"f":{"0":0,"1":0,"2":0,"3":0,"4":0},"b":{"0":[0,0]}}
,"C:/Users/kjahn/Desktop/FED-2/JS2/JS2_CA/src/js/utilities/authGuard.js": {"path":"C:/Users/kjahn/Desktop/FED-2/JS2/JS2_CA/src/js/utilities/authGuard.js","statementMap":{"0":{"start":{"line":5,"column":22},"end":{"line":5,"column":45}},"1":{"start":{"line":7,"column":2},"end":{"line":20,"column":3}},"2":{"start":{"line":8,"column":4},"end":{"line":8,"column":47}},"3":{"start":{"line":9,"column":18},"end":{"line":12,"column":5}},"4":{"start":{"line":13,"column":4},"end":{"line":13,"column":20}},"5":{"start":{"line":16,"column":4},"end":{"line":16,"column":47}},"6":{"start":{"line":18,"column":4},"end":{"line":19,"column":34}},"7":{"start":{"line":19,"column":6},"end":{"line":19,"column":32}}},"fnMap":{"0":{"name":"authGuard","decl":{"start":{"line":4,"column":16},"end":{"line":4,"column":25}},"loc":{"start":{"line":4,"column":28},"end":{"line":21,"column":1}}},"1":{"name":"(anonymous_1)","decl":{"start":{"line":18,"column":51},"end":{"line":18,"column":52}},"loc":{"start":{"line":19,"column":6},"end":{"line":19,"column":32}}}},"branchMap":{"0":{"loc":{"start":{"line":7,"column":2},"end":{"line":20,"column":3}},"type":"if","locations":[{"start":{"line":7,"column":2},"end":{"line":20,"column":3}},{"start":{},"end":{}}]}},"s":{"0":0,"1":0,"2":0,"3":0,"4":0,"5":0,"6":0,"7":0},"f":{"0":0,"1":0},"b":{"0":[0,0]}}
}
